<?xml version="1.0" encoding="UTF-8"?>
<!-- Generated by org.testng.reporters.JUnitReportReporter -->
<testsuite name="com.cucumber.framework.runner.FacebookLoginRunner" tests="1" time="14.022" ignored="0" failures="0" timestamp="18 Nov 2017 09:55:02 GMT" skipped="0" hostname="DESKTOP-U77UHNF" errors="0">
  <testcase name="feature" time="14.022" classname="com.cucumber.framework.runner.FacebookLoginRunner"/>
</testsuite> <!-- com.cucumber.framework.runner.FacebookLoginRunner -->
