<?xml version="1.0" encoding="UTF-8"?>
<!-- Generated by org.testng.reporters.JUnitReportReporter -->
<testsuite hostname="DESKTOP-U77UHNF" name="com.cucumber.framework.runner.CommonRunner" tests="1" failures="0" timestamp="6 Jan 2018 12:54:40 GMT" time="48.465" errors="0">
  <testcase name="feature" time="48.465" classname="com.cucumber.framework.runner.CommonRunner"/>
</testsuite> <!-- com.cucumber.framework.runner.CommonRunner -->
